<?xml version="1.0" encoding="UTF-8"?>
<testng-results skipped="0" failed="0" ignored="0" total="1" passed="1">
  <reporter-output>
  </reporter-output>
  <suite name="Default suite" duration-ms="8096" started-at="2021-05-28T01:43:50Z" finished-at="2021-05-28T01:43:58Z">
    <groups>
    </groups>
    <test name="Default test" duration-ms="8096" started-at="2021-05-28T01:43:50Z" finished-at="2021-05-28T01:43:58Z">
      <class name="com.org.Table">
        <test-method status="PASS" signature="sample2()[pri:0, instance:com.org.Table@29ee9faa]" name="sample2" duration-ms="8075" started-at="2021-05-28T01:43:50Z" finished-at="2021-05-28T01:43:58Z">
          <reporter-output>
          </reporter-output>
        </test-method> <!-- sample2 -->
      </class> <!-- com.org.Table -->
    </test> <!-- Default test -->
  </suite> <!-- Default suite -->
</testng-results>
