<?xml version="1.0" encoding="UTF-8"?>
<testng-results skipped="0" failed="0" total="1" passed="1">
  <reporter-output>
  </reporter-output>
  <suite name="Default suite" duration-ms="17720" started-at="2021-05-22T14:11:37Z" finished-at="2021-05-22T14:11:55Z">
    <groups>
    </groups>
    <test name="Default test" duration-ms="17720" started-at="2021-05-22T14:11:37Z" finished-at="2021-05-22T14:11:55Z">
      <class name="com.org.ForgotPasswordTest">
        <test-method status="PASS" signature="forgotPassword()[pri:0, instance:com.org.ForgotPasswordTest@6fffcba5]" name="forgotPassword" duration-ms="17704" started-at="2021-05-22T19:41:37Z" finished-at="2021-05-22T19:41:55Z">
          <reporter-output>
          </reporter-output>
        </test-method> <!-- forgotPassword -->
      </class> <!-- com.org.ForgotPasswordTest -->
    </test> <!-- Default test -->
  </suite> <!-- Default suite -->
</testng-results>
